0 info it worked if it ends with ok
1 verbose cli [ '/usr/local/bin/node', '/usr/local/bin/npm', 'run', 'test' ]
2 info using npm@3.8.3
3 info using node@v5.10.0
4 verbose run-script [ 'pretest', 'test', 'posttest' ]
5 info lifecycle my-headline-crawler@1.0.0~pretest: my-headline-crawler@1.0.0
6 silly lifecycle my-headline-crawler@1.0.0~pretest: no script for pretest, continuing
7 info lifecycle my-headline-crawler@1.0.0~test: my-headline-crawler@1.0.0
8 verbose lifecycle my-headline-crawler@1.0.0~test: unsafe-perm in lifecycle true
9 verbose lifecycle my-headline-crawler@1.0.0~test: PATH: /usr/local/lib/node_modules/npm/bin/node-gyp-bin:/home/tim/javascript/my-headline-crawler/node_modules/.bin:/usr/local/bin:/usr/local/bin:/usr/local/sbin:/usr/bin:/usr/sbin:/bin:/sbin:/home/tim/.local/bin:/home/tim/bin
10 verbose lifecycle my-headline-crawler@1.0.0~test: CWD: /home/tim/javascript/my-headline-crawler
11 silly lifecycle my-headline-crawler@1.0.0~test: Args: [ '-c',
11 silly lifecycle   'mocha --compilers js:babel-core/register --require babel-polyfill --timeout 30000' ]
12 silly lifecycle my-headline-crawler@1.0.0~test: Returned: code: 1  signal: null
13 info lifecycle my-headline-crawler@1.0.0~test: Failed to exec test script
14 verbose stack Error: my-headline-crawler@1.0.0 test: `mocha --compilers js:babel-core/register --require babel-polyfill --timeout 30000`
14 verbose stack Exit status 1
14 verbose stack     at EventEmitter.<anonymous> (/usr/local/lib/node_modules/npm/lib/utils/lifecycle.js:239:16)
14 verbose stack     at emitTwo (events.js:100:13)
14 verbose stack     at EventEmitter.emit (events.js:185:7)
14 verbose stack     at ChildProcess.<anonymous> (/usr/local/lib/node_modules/npm/lib/utils/spawn.js:24:14)
14 verbose stack     at emitTwo (events.js:100:13)
14 verbose stack     at ChildProcess.emit (events.js:185:7)
14 verbose stack     at maybeClose (internal/child_process.js:850:16)
14 verbose stack     at Process.ChildProcess._handle.onexit (internal/child_process.js:215:5)
15 verbose pkgid my-headline-crawler@1.0.0
16 verbose cwd /home/tim/javascript/my-headline-crawler
17 error Linux 4.1.13-100.fc21.x86_64
18 error argv "/usr/local/bin/node" "/usr/local/bin/npm" "run" "test"
19 error node v5.10.0
20 error npm  v3.8.3
21 error code ELIFECYCLE
22 error my-headline-crawler@1.0.0 test: `mocha --compilers js:babel-core/register --require babel-polyfill --timeout 30000`
22 error Exit status 1
23 error Failed at the my-headline-crawler@1.0.0 test script 'mocha --compilers js:babel-core/register --require babel-polyfill --timeout 30000'.
23 error Make sure you have the latest version of node.js and npm installed.
23 error If you do, this is most likely a problem with the my-headline-crawler package,
23 error not with npm itself.
23 error Tell the author that this fails on your system:
23 error     mocha --compilers js:babel-core/register --require babel-polyfill --timeout 30000
23 error You can get information on how to open an issue for this project with:
23 error     npm bugs my-headline-crawler
23 error Or if that isn't available, you can get their info via:
23 error     npm owner ls my-headline-crawler
23 error There is likely additional logging output above.
24 verbose exit [ 1, true ]
